<?xml version="1.0" encoding="UTF-8"?>
<testng-results ignored="0" total="1" passed="1" failed="0" skipped="0">
  <reporter-output>
  </reporter-output>
  <suite started-at="2022-05-10T22:05:57 IST" name="Default suite" finished-at="2022-05-10T22:05:57 IST" duration-ms="344">
    <groups>
    </groups>
    <test started-at="2022-05-10T22:05:57 IST" name="Default test" finished-at="2022-05-10T22:05:57 IST" duration-ms="344">
      <class name="manu_jen.CreateUserTest">
        <test-method signature="CreateUserTest()[pri:0, instance:manu_jen.CreateUserTest@c333c60]" started-at="2022-05-10T22:05:57 IST" name="CreateUserTest" finished-at="2022-05-10T22:05:57 IST" duration-ms="50" status="PASS">
          <reporter-output>
          </reporter-output>
        </test-method> <!-- CreateUserTest -->
      </class> <!-- manu_jen.CreateUserTest -->
    </test> <!-- Default test -->
  </suite> <!-- Default suite -->
</testng-results>
